<?xml version="1.0" encoding="UTF-8"?>
<coverage generated="1580206072633" clover="3.2.0">
  <project timestamp="1580206072633" name="All files">
    <metrics statements="15" coveredstatements="10" conditionals="2" coveredconditionals="2" methods="5" coveredmethods="5" elements="22" coveredelements="17" complexity="0" loc="15" ncloc="15" packages="1" files="3" classes="3">
      <file name="App.tsx" path="/sysroot/home/ramsy.de.vos/Downloads/test/src/App.tsx">
        <metrics statements="9" coveredstatements="9" conditionals="2" coveredconditionals="2" methods="5" coveredmethods="5"/>
        <line num="4" count="1" type="stmt"/>
        <line num="7" count="4" type="stmt"/>
        <line num="8" count="4" type="stmt"/>
        <line num="10" count="4" type="stmt"/>
        <line num="11" count="3" type="cond" truecount="2" falsecount="0"/>
        <line num="12" count="4" type="stmt"/>
        <line num="16" count="4" type="stmt"/>
        <line num="21" count="1" type="stmt"/>
        <line num="24" count="1" type="stmt"/>
      </file>
      <file name="index.tsx" path="/sysroot/home/ramsy.de.vos/Downloads/test/src/index.tsx">
        <metrics statements="5" coveredstatements="0" conditionals="0" coveredconditionals="0" methods="0" coveredmethods="0"/>
        <line num="1" count="0" type="stmt"/>
        <line num="2" count="0" type="stmt"/>
        <line num="4" count="0" type="stmt"/>
        <line num="6" count="0" type="stmt"/>
        <line num="7" count="0" type="stmt"/>
      </file>
      <file name="setupTests.tsx" path="/sysroot/home/ramsy.de.vos/Downloads/test/src/setupTests.tsx">
        <metrics statements="1" coveredstatements="1" conditionals="0" coveredconditionals="0" methods="0" coveredmethods="0"/>
        <line num="4" count="1" type="stmt"/>
      </file>
    </metrics>
  </project>
</coverage>
