{"/sysroot/home/ramsy.de.vos/Downloads/test/src/App.tsx": {"path":"/sysroot/home/ramsy.de.vos/Downloads/test/src/App.tsx","statementMap":{"0":{"start":{"line":4,"column":23},"end":{"line":4,"column":52}},"1":{"start":{"line":7,"column":28},"end":{"line":7,"column":46}},"2":{"start":{"line":8,"column":36},"end":{"line":8,"column":54}},"3":{"start":{"line":10,"column":4},"end":{"line":14,"column":15}},"4":{"start":{"line":11,"column":8},"end":{"line":13,"column":9}},"5":{"start":{"line":12,"column":12},"end":{"line":12,"column":72}},"6":{"start":{"line":12,"column":53},"end":{"line":12,"column":69}},"7":{"start":{"line":16,"column":4},"end":{"line":33,"column":6}},"8":{"start":{"line":21,"column":34},"end":{"line":21,"column":57}},"9":{"start":{"line":24,"column":20},"end":{"line":29,"column":22}}},"fnMap":{"0":{"name":"App","decl":{"start":{"line":6,"column":24},"end":{"line":6,"column":27}},"loc":{"start":{"line":6,"column":30},"end":{"line":34,"column":1}},"line":6},"1":{"name":"(anonymous_1)","decl":{"start":{"line":10,"column":20},"end":{"line":10,"column":21}},"loc":{"start":{"line":10,"column":26},"end":{"line":14,"column":5}},"line":10},"2":{"name":"(anonymous_2)","decl":{"start":{"line":12,"column":41},"end":{"line":12,"column":42}},"loc":{"start":{"line":12,"column":53},"end":{"line":12,"column":69}},"line":12},"3":{"name":"(anonymous_3)","decl":{"start":{"line":21,"column":29},"end":{"line":21,"column":30}},"loc":{"start":{"line":21,"column":34},"end":{"line":21,"column":57}},"line":21},"4":{"name":"(anonymous_4)","decl":{"start":{"line":23,"column":30},"end":{"line":23,"column":31}},"loc":{"start":{"line":23,"column":35},"end":{"line":30,"column":17}},"line":23}},"branchMap":{"0":{"loc":{"start":{"line":11,"column":8},"end":{"line":13,"column":9}},"type":"if","locations":[{"start":{"line":11,"column":8},"end":{"line":13,"column":9}},{"start":{"line":11,"column":8},"end":{"line":13,"column":9}}],"line":11}},"s":{"0":1,"1":4,"2":4,"3":4,"4":3,"5":1,"6":4,"7":4,"8":1,"9":1},"f":{"0":4,"1":3,"2":4,"3":1,"4":1},"b":{"0":[1,2]},"_coverageSchema":"332fd63041d2c1bcb487cc26dd0d5f7d97098a6c","hash":"36cc17395bf4a75e85251ee37eaf18f94509d260"}
,"/sysroot/home/ramsy.de.vos/Downloads/test/src/index.tsx": {"path":"/sysroot/home/ramsy.de.vos/Downloads/test/src/index.tsx","statementMap":{"0":{"start":{"line":1,"column":0},"end":{"line":null,"column":-1}},"1":{"start":{"line":2,"column":0},"end":{"line":null,"column":-1}},"2":{"start":{"line":4,"column":0},"end":{"line":null,"column":-1}},"3":{"start":{"line":6,"column":20},"end":{"line":6,"column":0}},"4":{"start":{"line":7,"column":0},"end":{"line":null,"column":-1}}},"fnMap":{},"branchMap":{},"s":{"0":0,"1":0,"2":0,"3":0,"4":0},"f":{},"b":{}}
,"/sysroot/home/ramsy.de.vos/Downloads/test/src/setupTests.tsx": {"path":"/sysroot/home/ramsy.de.vos/Downloads/test/src/setupTests.tsx","statementMap":{"0":{"start":{"line":4,"column":0},"end":{"line":4,"column":38}}},"fnMap":{},"branchMap":{},"s":{"0":1},"f":{},"b":{},"_coverageSchema":"332fd63041d2c1bcb487cc26dd0d5f7d97098a6c","hash":"f310cf1ed1c1d24abeededf540765bdb91fdc06e"}
}
