TN:
SF:/sysroot/home/ramsy.de.vos/Downloads/test/src/App.tsx
FN:6,App
FN:10,(anonymous_1)
FN:12,(anonymous_2)
FN:21,(anonymous_3)
FN:23,(anonymous_4)
FNF:5
FNH:5
FNDA:4,App
FNDA:3,(anonymous_1)
FNDA:4,(anonymous_2)
FNDA:1,(anonymous_3)
FNDA:1,(anonymous_4)
DA:4,1
DA:7,4
DA:8,4
DA:10,4
DA:11,3
DA:12,4
DA:16,4
DA:21,1
DA:24,1
LF:9
LH:9
BRDA:11,0,0,1
BRDA:11,0,1,2
BRF:2
BRH:2
end_of_record
TN:
SF:/sysroot/home/ramsy.de.vos/Downloads/test/src/index.tsx
FNF:0
FNH:0
DA:1,0
DA:2,0
DA:4,0
DA:6,0
DA:7,0
LF:5
LH:0
BRF:0
BRH:0
end_of_record
TN:
SF:/sysroot/home/ramsy.de.vos/Downloads/test/src/setupTests.tsx
FNF:0
FNH:0
DA:4,1
LF:1
LH:1
BRF:0
BRH:0
end_of_record
